# JRE version: OpenJDK Runtime Environment (15.0.2+7) (build 15.0.2+7-27)
# Java VM: OpenJDK 64-Bit Server VM (15.0.2+7-27, mixed mode, sharing, tiered, compressed oops, g1 gc, windows-amd64)
GC Precious Log:
 CPUs: 4 total, 4 available
 Memory: 8123M
 Large Page Support: Disabled
 NUMA Support: Disabled
 Compressed Oops: Enabled (32-bit)
 Heap Region Size: 1M
 Heap Min Capacity: 8M
 Heap Initial Capacity: 128M
 Heap Max Capacity: 2032M
 Pre-touch: Disabled
 Parallel Workers: 4
 Concurrent Workers: 1
 Concurrent Refinement Workers: 4
 Periodic GC: Disabled
Heap:
 garbage-first heap   total 58368K, used 28088K [0x0000000081000000, 0x0000000100000000)
  region size 1024K, 7 young (7168K), 4 survivors (4096K)
 Metaspace       used 56898K, capacity 57442K, committed 57644K, reserved 1099776K
  class space    used 7359K, capacity 7542K, committed 7552K, reserved 1048576K
GC Heap History (20 events):
Event: 7.078 GC heap before
{Heap before GC invocations=6 (full 0):
 garbage-first heap   total 48128K, used 35303K [0x0000000081000000, 0x0000000100000000)
  region size 1024K, 28 young (28672K), 6 survivors (6144K)
 Metaspace       used 24343K, capacity 24708K, committed 24960K, reserved 1071104K
  class space    used 2977K, capacity 3079K, committed 3200K, reserved 1048576K
}
Event: 7.109 GC heap after
{Heap after GC invocations=7 (full 0):
 garbage-first heap   total 48128K, used 15046K [0x0000000081000000, 0x0000000100000000)
  region size 1024K, 3 young (3072K), 3 survivors (3072K)
 Metaspace       used 24343K, capacity 24708K, committed 24960K, reserved 1071104K
  class space    used 2977K, capacity 3079K, committed 3200K, reserved 1048576K
}
Event: 8.260 GC heap before
{Heap before GC invocations=7 (full 0):
 garbage-first heap   total 48128K, used 33478K [0x0000000081000000, 0x0000000100000000)
  region size 1024K, 22 young (22528K), 3 survivors (3072K)
 Metaspace       used 27487K, capacity 27898K, committed 28160K, reserved 1073152K
  class space    used 3347K, capacity 3481K, committed 3584K, reserved 1048576K
}
Event: 8.273 GC heap after
{Heap after GC invocations=8 (full 0):
 garbage-first heap   total 58368K, used 16446K [0x0000000081000000, 0x0000000100000000)
  region size 1024K, 2 young (2048K), 2 survivors (2048K)
 Metaspace       used 27487K, capacity 27898K, committed 28160K, reserved 1073152K
  class space    used 3347K, capacity 3481K, committed 3584K, reserved 1048576K
}
Event: 8.313 GC heap before
{Heap before GC invocations=8 (full 0):
 garbage-first heap   total 58368K, used 42046K [0x0000000081000000, 0x0000000100000000)
  region size 1024K, 28 young (28672K), 2 survivors (2048K)
 Metaspace       used 27487K, capacity 27898K, committed 28160K, reserved 1073152K
  class space    used 3347K, capacity 3481K, committed 3584K, reserved 1048576K
}
Event: 8.321 GC heap after
{Heap after GC invocations=9 (full 0):
 garbage-first heap   total 58368K, used 16146K [0x0000000081000000, 0x0000000100000000)
  region size 1024K, 2 young (2048K), 2 survivors (2048K)
 Metaspace       used 27487K, capacity 27898K, committed 28160K, reserved 1073152K
  class space    used 3347K, capacity 3481K, committed 3584K, reserved 1048576K
}
Event: 9.416 GC heap before
{Heap before GC invocations=9 (full 0):
 garbage-first heap   total 58368K, used 42770K [0x0000000081000000, 0x0000000100000000)
  region size 1024K, 29 young (29696K), 2 survivors (2048K)
 Metaspace       used 32122K, capacity 32553K, committed 32768K, reserved 1077248K
  class space    used 3895K, capacity 4049K, committed 4096K, reserved 1048576K
}
Event: 9.427 GC heap after
{Heap after GC invocations=10 (full 0):
 garbage-first heap   total 58368K, used 17635K [0x0000000081000000, 0x0000000100000000)
  region size 1024K, 3 young (3072K), 3 survivors (3072K)
 Metaspace       used 32122K, capacity 32553K, committed 32768K, reserved 1077248K
  class space    used 3895K, capacity 4049K, committed 4096K, reserved 1048576K
}
Event: 10.068 GC heap before
{Heap before GC invocations=10 (full 0):
 garbage-first heap   total 58368K, used 29923K [0x0000000081000000, 0x0000000100000000)
  region size 1024K, 16 young (16384K), 3 survivors (3072K)
 Metaspace       used 35090K, capacity 35508K, committed 35628K, reserved 1081344K
  class space    used 4266K, capacity 4414K, committed 4480K, reserved 1048576K
}
Event: 10.075 GC heap after
{Heap after GC invocations=11 (full 0):
 garbage-first heap   total 58368K, used 18889K [0x0000000081000000, 0x0000000100000000)
  region size 1024K, 3 young (3072K), 3 survivors (3072K)
 Metaspace       used 35090K, capacity 35508K, committed 35628K, reserved 1081344K
  class space    used 4266K, capacity 4414K, committed 4480K, reserved 1048576K
}
Event: 11.768 GC heap before
{Heap before GC invocations=12 (full 0):
 garbage-first heap   total 58368K, used 43465K [0x0000000081000000, 0x0000000100000000)
  region size 1024K, 28 young (28672K), 3 survivors (3072K)
 Metaspace       used 41977K, capacity 42421K, committed 42540K, reserved 1087488K
  class space    used 5317K, capacity 5477K, committed 5504K, reserved 1048576K
}
Event: 11.775 GC heap after
{Heap after GC invocations=13 (full 0):
 garbage-first heap   total 58368K, used 19935K [0x0000000081000000, 0x0000000100000000)
  region size 1024K, 3 young (3072K), 3 survivors (3072K)
 Metaspace       used 41977K, capacity 42421K, committed 42540K, reserved 1087488K
  class space    used 5317K, capacity 5477K, committed 5504K, reserved 1048576K
}
Event: 12.925 GC heap before
{Heap before GC invocations=13 (full 0):
 garbage-first heap   total 58368K, used 43487K [0x0000000081000000, 0x0000000100000000)
  region size 1024K, 27 young (27648K), 3 survivors (3072K)
 Metaspace       used 48089K, capacity 48570K, committed 48812K, reserved 1091584K
  class space    used 6223K, capacity 6389K, committed 6400K, reserved 1048576K
}
Event: 12.932 GC heap after
{Heap after GC invocations=14 (full 0):
 garbage-first heap   total 58368K, used 21102K [0x0000000081000000, 0x0000000100000000)
  region size 1024K, 3 young (3072K), 3 survivors (3072K)
 Metaspace       used 48089K, capacity 48570K, committed 48812K, reserved 1091584K
  class space    used 6223K, capacity 6389K, committed 6400K, reserved 1048576K
}
Event: 13.784 GC heap before
{Heap before GC invocations=14 (full 0):
 garbage-first heap   total 58368K, used 44654K [0x0000000081000000, 0x0000000100000000)
  region size 1024K, 27 young (27648K), 3 survivors (3072K)
 Metaspace       used 52130K, capacity 52579K, committed 52780K, reserved 1095680K
  class space    used 6756K, capacity 6936K, committed 7040K, reserved 1048576K
}
Event: 13.791 GC heap after
{Heap after GC invocations=15 (full 0):
 garbage-first heap   total 58368K, used 22882K [0x0000000081000000, 0x0000000100000000)
  region size 1024K, 3 young (3072K), 3 survivors (3072K)
 Metaspace       used 52130K, capacity 52579K, committed 52780K, reserved 1095680K
  class space    used 6756K, capacity 6936K, committed 7040K, reserved 1048576K
}
Event: 14.278 GC heap before
{Heap before GC invocations=15 (full 0):
 garbage-first heap   total 58368K, used 46434K [0x0000000081000000, 0x0000000100000000)
  region size 1024K, 26 young (26624K), 3 survivors (3072K)
 Metaspace       used 53558K, capacity 54058K, committed 54188K, reserved 1095680K
  class space    used 6918K, capacity 7104K, committed 7168K, reserved 1048576K
}
Event: 14.285 GC heap after
{Heap after GC invocations=16 (full 0):
 garbage-first heap   total 58368K, used 23955K [0x0000000081000000, 0x0000000100000000)
  region size 1024K, 3 young (3072K), 3 survivors (3072K)
 Metaspace       used 53558K, capacity 54058K, committed 54188K, reserved 1095680K
  class space    used 6918K, capacity 7104K, committed 7168K, reserved 1048576K
}
Event: 15.200 GC heap before
{Heap before GC invocations=16 (full 0):
 garbage-first heap   total 58368K, used 46483K [0x0000000081000000, 0x0000000100000000)
  region size 1024K, 25 young (25600K), 3 survivors (3072K)
 Metaspace       used 56186K, capacity 56688K, committed 56876K, reserved 1099776K
  class space    used 7272K, capacity 7440K, committed 7552K, reserved 1048576K
}
Event: 15.209 GC heap after
{Heap after GC invocations=17 (full 0):
 garbage-first heap   total 58368K, used 26040K [0x0000000081000000, 0x0000000100000000)
  region size 1024K, 4 young (4096K), 4 survivors (4096K)
 Metaspace       used 56186K, capacity 56688K, committed 56876K, reserved 1099776K
  class space    used 7272K, capacity 7440K, committed 7552K, reserved 1048576K
}

